<?xml version="1.0" encoding="UTF-8"?>
<!-- Generated by org.testng.reporters.JUnitXMLReporter -->
<testsuite hostname="DESKTOP-58RA2F2" name="Test" tests="3" failures="0" timestamp="25 Jul 2021 17:48:47 GMT" time="36.262" errors="0">
  <testcase name="basePageNavigation" time="15.118" classname="Academy.HomePage"/>
  <testcase name="basePageNavigation" time="11.838" classname="Academy.HomePage"/>
  <testcase name="basePageNavigation" time="9.244" classname="Academy.validateTitle"/>
</testsuite> <!-- Test -->
