<?xml version="1.0" encoding="UTF-8"?>
<!-- Generated by org.testng.reporters.JUnitXMLReporter -->
<testsuite hostname="DESKTOP-58RA2F2" name="Test" tests="3" failures="0" timestamp="25 Jul 2021 18:59:14 GMT" time="25.92" errors="0">
  <testcase name="basePageNavigation" time="12.74" classname="Academy.HomePage"/>
  <testcase name="basePageNavigation" time="2.69" classname="Academy.HomePage"/>
  <testcase name="basePageNavigation" time="0.154" classname="Academy.validateTitle"/>
</testsuite> <!-- Test -->
